<?xml version="1.0" encoding="UTF-8"?>
<!-- Generated by org.testng.reporters.JUnitXMLReporter -->
<testsuite ignored="0" hostname="DESKTOP-V7FUJCA" failures="0" tests="9" name="Free CRM Application Test Cases" time="123.901" errors="0" timestamp="2022-11-07T21:09:56 EET">
  <testcase classname="crm.testcases.LoginPageTest" name="loginPageTitleTest" time="0.021"/>
  <testcase classname="crm.testcases.LoginPageTest" name="crmLogoImage" time="0.081"/>
  <testcase classname="crm.testcases.LoginPageTest" name="loginTest" time="6.382"/>
  <testcase classname="crm.testcases.HomePageTest" name="verifyHomePageTitleTest" time="0.009"/>
  <testcase classname="crm.testcases.HomePageTest" name="verifyUserNameTest" time="0.127"/>
  <testcase classname="crm.testcases.HomePageTest" name="verifyContactsLinkTest" time="1.194"/>
  <testcase classname="crm.testcases.ContactsPageTest" name="verifyContactsPageLabelTest" time="0.145"/>
  <testcase classname="crm.testcases.ContactsPageTest" name="selectSingleContactsTest" time="0.123"/>
  <testcase classname="crm.testcases.ContactsPageTest" name="selectMultipleContactsTest" time="0.237"/>
</testsuite> <!-- Free CRM Application Test Cases -->
