<?xml version="1.0" encoding="UTF-8"?>
<!-- Generated by org.testng.reporters.JUnitXMLReporter -->
<testsuite ignored="0" hostname="DESKTOP-V7FUJCA" failures="0" tests="9" name="Free CRM Application Test Cases" time="109.048" errors="0" timestamp="2022-08-08T15:36:03 EEST">
  <testcase classname="crm.testcases.LoginPageTest" name="loginPageTitleTest" time="0.035"/>
  <testcase classname="crm.testcases.LoginPageTest" name="crmLogoImage" time="0.163"/>
  <testcase classname="crm.testcases.LoginPageTest" name="loginTest" time="10.968"/>
  <testcase classname="crm.testcases.HomePageTest" name="verifyContactsLinkTest" time="1.219"/>
  <testcase classname="crm.testcases.HomePageTest" name="verifyHomePageTitleTest" time="0.011"/>
  <testcase classname="crm.testcases.HomePageTest" name="verifyUserNameTest" time="0.142"/>
  <testcase classname="crm.testcases.ContactsPageTest" name="verifyContactsPageLabelTest" time="0.121"/>
  <testcase classname="crm.testcases.ContactsPageTest" name="selectSingleContactsTest" time="0.131"/>
  <testcase classname="crm.testcases.ContactsPageTest" name="selectMultipleContactsTest" time="0.227"/>
</testsuite> <!-- Free CRM Application Test Cases -->
